<?xml version="1.0" encoding="UTF-8"?>
<!-- Generated by org.testng.reporters.JUnitXMLReporter -->
<testsuite ignored="0" hostname="IN2449063W1" failures="0" tests="1" name="Test" time="0.169" errors="0" timestamp="2023-01-06T09:54:12 IST">
  <testcase classname="test.Multi_Browser" name="@BeforeClass beforeClass" time="-1.672979052526E9">
    <failure type="org.testng.TestNGException" message="
Parameter &amp;apos;browser&amp;apos; is required by BeforeClass on method beforeClass but has not been marked @Optional or defined
in C:\Users\Jayakishore.V\eclipse-workspace\Jay_TestNG_Project\src\test\java\testng1.xml">
      <![CDATA[org.testng.TestNGException: 
Parameter 'browser' is required by BeforeClass on method beforeClass but has not been marked @Optional or defined
in C:\Users\Jayakishore.V\eclipse-workspace\Jay_TestNG_Project\src\test\java\testng1.xml
at java.base/java.util.ArrayList.forEach(ArrayList.java:1511)
... Removed 22 stack frames]]>
    </failure>
  </testcase> <!-- @BeforeClass beforeClass -->
  <testcase classname="test.Multi_Browser" name="@AfterClass afterClass" time="0.0">
    <skipped/>
  </testcase> <!-- @AfterClass afterClass -->
  <testcase classname="test.Multi_Browser" name="function" time="0.0">
    <skipped/>
  </testcase> <!-- function -->
</testsuite> <!-- Test -->
